{"contracts/Raffle.sol":{"l":{"60":3,"61":3,"62":3,"63":3,"64":3,"65":3,"66":3,"67":3,"73":8,"74":1,"76":7,"77":1,"79":6,"82":6,"97":6,"98":6,"99":6,"100":6,"101":6,"108":2,"110":2,"111":0,"117":2,"118":2,"125":2,"132":0,"133":0,"134":0,"135":0,"136":0,"137":0,"138":0,"139":0,"140":0,"142":0,"147":10,"151":1,"155":0,"159":2,"163":0,"167":0,"171":0,"175":0,"179":9,"183":1},"path":"/root/hardhat-lottery-fcc/contracts/Raffle.sol","s":{"1":8,"2":7,"3":6,"4":6,"5":6,"6":6,"7":6,"8":6,"9":2,"10":2,"11":2,"12":2,"13":0,"14":0,"15":0,"16":0,"17":0,"18":10,"19":1,"20":0,"21":2,"22":0,"23":0,"24":0,"25":0,"26":9,"27":1},"b":{"1":[1,7],"2":[1,6],"3":[0,2],"4":[0,0]},"f":{"1":3,"2":8,"3":6,"4":2,"5":0,"6":10,"7":1,"8":0,"9":2,"10":0,"11":0,"12":0,"13":0,"14":9,"15":1},"fnMap":{"1":{"name":"constructor","line":59,"loc":{"start":{"line":52,"column":4},"end":{"line":68,"column":4}}},"2":{"name":"enterRaffle","line":70,"loc":{"start":{"line":70,"column":4},"end":{"line":83,"column":4}}},"3":{"name":"checkUpkeep","line":94,"loc":{"start":{"line":94,"column":4},"end":{"line":102,"column":4}}},"4":{"name":"performUpkeep","line":104,"loc":{"start":{"line":104,"column":4},"end":{"line":126,"column":4}}},"5":{"name":"fulfillRandomWords","line":128,"loc":{"start":{"line":128,"column":4},"end":{"line":143,"column":4}}},"6":{"name":"getEntranceFee","line":146,"loc":{"start":{"line":146,"column":4},"end":{"line":148,"column":4}}},"7":{"name":"getPlayer","line":150,"loc":{"start":{"line":150,"column":4},"end":{"line":152,"column":4}}},"8":{"name":"getRecentWinner","line":154,"loc":{"start":{"line":154,"column":4},"end":{"line":156,"column":4}}},"9":{"name":"getRaffleState","line":158,"loc":{"start":{"line":158,"column":4},"end":{"line":160,"column":4}}},"10":{"name":"getNumWords","line":162,"loc":{"start":{"line":162,"column":4},"end":{"line":164,"column":4}}},"11":{"name":"getNumOfPlayers","line":166,"loc":{"start":{"line":166,"column":4},"end":{"line":168,"column":4}}},"12":{"name":"getLatestTimeStamp","line":170,"loc":{"start":{"line":170,"column":4},"end":{"line":172,"column":4}}},"13":{"name":"getRequestConfirmations","line":174,"loc":{"start":{"line":174,"column":4},"end":{"line":176,"column":4}}},"14":{"name":"getInterval","line":178,"loc":{"start":{"line":178,"column":4},"end":{"line":180,"column":4}}},"15":{"name":"getcallbackGasLimit","line":182,"loc":{"start":{"line":182,"column":4},"end":{"line":184,"column":4}}}},"statementMap":{"1":{"start":{"line":73,"column":8},"end":{"line":73,"column":2485}},"2":{"start":{"line":76,"column":8},"end":{"line":76,"column":2586}},"3":{"start":{"line":79,"column":8},"end":{"line":79,"column":42}},"4":{"start":{"line":82,"column":8},"end":{"line":82,"column":36}},"5":{"start":{"line":97,"column":8},"end":{"line":97,"column":57}},"6":{"start":{"line":98,"column":8},"end":{"line":98,"column":74}},"7":{"start":{"line":99,"column":8},"end":{"line":99,"column":46}},"8":{"start":{"line":100,"column":8},"end":{"line":100,"column":51}},"9":{"start":{"line":108,"column":8},"end":{"line":108,"column":52}},"10":{"start":{"line":110,"column":8},"end":{"line":110,"column":4001}},"11":{"start":{"line":118,"column":8},"end":{"line":118,"column":4261}},"12":{"start":{"line":125,"column":8},"end":{"line":125,"column":43}},"13":{"start":{"line":132,"column":8},"end":{"line":132,"column":65}},"14":{"start":{"line":133,"column":8},"end":{"line":133,"column":63}},"15":{"start":{"line":138,"column":8},"end":{"line":138,"column":78}},"16":{"start":{"line":139,"column":8},"end":{"line":139,"column":5040}},"17":{"start":{"line":142,"column":8},"end":{"line":142,"column":39}},"18":{"start":{"line":147,"column":8},"end":{"line":147,"column":28}},"19":{"start":{"line":151,"column":8},"end":{"line":151,"column":31}},"20":{"start":{"line":155,"column":8},"end":{"line":155,"column":29}},"21":{"start":{"line":159,"column":8},"end":{"line":159,"column":28}},"22":{"start":{"line":163,"column":8},"end":{"line":163,"column":24}},"23":{"start":{"line":167,"column":8},"end":{"line":167,"column":31}},"24":{"start":{"line":171,"column":8},"end":{"line":171,"column":30}},"25":{"start":{"line":175,"column":8},"end":{"line":175,"column":36}},"26":{"start":{"line":179,"column":8},"end":{"line":179,"column":25}},"27":{"start":{"line":183,"column":8},"end":{"line":183,"column":33}}},"branchMap":{"1":{"line":73,"type":"if","locations":[{"start":{"line":73,"column":8},"end":{"line":73,"column":8}},{"start":{"line":73,"column":8},"end":{"line":73,"column":8}}]},"2":{"line":76,"type":"if","locations":[{"start":{"line":76,"column":8},"end":{"line":76,"column":8}},{"start":{"line":76,"column":8},"end":{"line":76,"column":8}}]},"3":{"line":110,"type":"if","locations":[{"start":{"line":110,"column":8},"end":{"line":110,"column":8}},{"start":{"line":110,"column":8},"end":{"line":110,"column":8}}]},"4":{"line":139,"type":"if","locations":[{"start":{"line":139,"column":8},"end":{"line":139,"column":8}},{"start":{"line":139,"column":8},"end":{"line":139,"column":8}}]}}},"contracts/test/VRFCoordinatorV2Mock.sol":{"l":{},"path":"/root/hardhat-lottery-fcc/contracts/test/VRFCoordinatorV2Mock.sol","s":{},"b":{},"f":{},"fnMap":{},"statementMap":{},"branchMap":{}}}