TN:
SF:/root/hardhat-lottery-fcc/contracts/Raffle.sol
FN:59,constructor
FN:70,enterRaffle
FN:94,checkUpkeep
FN:104,performUpkeep
FN:128,fulfillRandomWords
FN:146,getEntranceFee
FN:150,getPlayer
FN:154,getRecentWinner
FN:158,getRaffleState
FN:162,getNumWords
FN:166,getNumOfPlayers
FN:170,getLatestTimeStamp
FN:174,getRequestConfirmations
FN:178,getInterval
FN:182,getcallbackGasLimit
FNF:15
FNH:9
FNDA:3,constructor
FNDA:8,enterRaffle
FNDA:6,checkUpkeep
FNDA:2,performUpkeep
FNDA:0,fulfillRandomWords
FNDA:10,getEntranceFee
FNDA:1,getPlayer
FNDA:0,getRecentWinner
FNDA:2,getRaffleState
FNDA:0,getNumWords
FNDA:0,getNumOfPlayers
FNDA:0,getLatestTimeStamp
FNDA:0,getRequestConfirmations
FNDA:9,getInterval
FNDA:1,getcallbackGasLimit
DA:60,3
DA:61,3
DA:62,3
DA:63,3
DA:64,3
DA:65,3
DA:66,3
DA:67,3
DA:73,8
DA:74,1
DA:76,7
DA:77,1
DA:79,6
DA:82,6
DA:97,6
DA:98,6
DA:99,6
DA:100,6
DA:101,6
DA:108,2
DA:110,2
DA:111,0
DA:117,2
DA:118,2
DA:125,2
DA:132,0
DA:133,0
DA:134,0
DA:135,0
DA:136,0
DA:137,0
DA:138,0
DA:139,0
DA:140,0
DA:142,0
DA:147,10
DA:151,1
DA:155,0
DA:159,2
DA:163,0
DA:167,0
DA:171,0
DA:175,0
DA:179,9
DA:183,1
LF:45
LH:29
BRDA:73,1,0,1
BRDA:73,1,1,7
BRDA:76,2,0,1
BRDA:76,2,1,6
BRDA:110,3,0,0
BRDA:110,3,1,2
BRDA:139,4,0,0
BRDA:139,4,1,0
BRF:8
BRH:5
end_of_record
TN:
SF:/root/hardhat-lottery-fcc/contracts/test/VRFCoordinatorV2Mock.sol
FNF:0
FNH:0
LF:0
LH:0
BRF:0
BRH:0
end_of_record
